e:\code\2021\perseverance\ingenuity\ingenuity\bin\intermediates\win32\debug\vc142.pdb
e:\code\2021\perseverance\ingenuity\ingenuity\bin\intermediates\win32\debug\vc142.idb
e:\code\2021\perseverance\ingenuity\ingenuity\bin\intermediates\win32\debug\threadevenodd.nativecodeanalysis.sarif
e:\code\2021\perseverance\ingenuity\ingenuity\bin\intermediates\win32\debug\threadevenodd.nativecodeanalysis.xml
e:\code\2021\perseverance\ingenuity\ingenuity\bin\intermediates\win32\debug\source.nativecodeanalysis.sarif
e:\code\2021\perseverance\ingenuity\ingenuity\bin\intermediates\win32\debug\source.nativecodeanalysis.xml
e:\code\2021\perseverance\ingenuity\ingenuity\bin\intermediates\win32\debug\functor.nativecodeanalysis.sarif
e:\code\2021\perseverance\ingenuity\ingenuity\bin\intermediates\win32\debug\functor.nativecodeanalysis.xml
e:\code\2021\perseverance\ingenuity\ingenuity\bin\intermediates\win32\debug\functor.obj
e:\code\2021\perseverance\ingenuity\ingenuity\bin\intermediates\win32\debug\source.obj
e:\code\2021\perseverance\ingenuity\ingenuity\bin\intermediates\win32\debug\threadevenodd.obj
e:\code\2021\perseverance\ingenuity\ingenuity\bin\intermediates\win32\debug\caluclatewithaccumualtor.obj
e:\code\2021\perseverance\ingenuity\ingenuity\bin\intermediates\win32\debug\calculatewithmutex.obj
e:\code\2021\perseverance\ingenuity\ingenuity\bin\win32\debug\ingenuity.exe
e:\code\2021\perseverance\ingenuity\ingenuity\bin\win32\debug\ingenuity.ilk
e:\code\2021\perseverance\ingenuity\ingenuity\bin\win32\debug\ingenuity.pdb
e:\code\2021\perseverance\ingenuity\ingenuity\bin\intermediates\win32\debug\ingenuity.tlog\cl.command.1.tlog
e:\code\2021\perseverance\ingenuity\ingenuity\bin\intermediates\win32\debug\ingenuity.tlog\cl.read.1.tlog
e:\code\2021\perseverance\ingenuity\ingenuity\bin\intermediates\win32\debug\ingenuity.tlog\cl.write.1.tlog
e:\code\2021\perseverance\ingenuity\ingenuity\bin\intermediates\win32\debug\ingenuity.tlog\link.command.1.tlog
e:\code\2021\perseverance\ingenuity\ingenuity\bin\intermediates\win32\debug\ingenuity.tlog\link.read.1.tlog
e:\code\2021\perseverance\ingenuity\ingenuity\bin\intermediates\win32\debug\ingenuity.tlog\link.write.1.tlog
